<?xml version="1.0" encoding="UTF-8"?>
<testsuite name="notWeb.CountTest" tests="2" skipped="0" failures="0" errors="0" timestamp="2021-02-24T12:08:49" hostname="masalkou-y-10" time="0.02">
  <properties/>
  <testcase name="sumArbitraryNumbers()" classname="notWeb.CountTest" time="0.019"/>
  <testcase name="sumBuiltInNumbers()" classname="notWeb.CountTest" time="0.001"/>
  <system-out><![CDATA[]]></system-out>
  <system-err><![CDATA[]]></system-err>
</testsuite>
