<?xml version="1.0" encoding="UTF-8"?>
<testsuite name="notWeb.CountTest" tests="2" skipped="0" failures="0" errors="0" timestamp="2021-02-24T12:30:58" hostname="masalkou-y-10" time="0.026">
  <properties/>
  <testcase name="sumArbitraryNumbers()" classname="notWeb.CountTest" time="0.023"/>
  <testcase name="sumBuiltInNumbers()" classname="notWeb.CountTest" time="0.002"/>
  <system-out><![CDATA[testing instance is created
After each
testing instance is created
After each
After all
]]></system-out>
  <system-err><![CDATA[]]></system-err>
</testsuite>
